C51 COMPILER V9.52.0.0   MAIN                                                              03/06/2017 18:55:14 PAGE 1   


C51 COMPILER V9.52.0.0, COMPILATION OF MODULE MAIN
OBJECT MODULE PLACED IN main.OBJ
COMPILER INVOKED BY: E:\Keil\C51\BIN\C51.EXE main.c LARGE BROWSE DEBUG OBJECTEXTEND TABS(2)

line level    source

   1          /******************************************************
   2           * FileName:      main.c
   3           * Company:       深圳乐幻索尔科技
   4           * Date:          2017/02/18  17:50
   5           * Description:   LX-16系列串口舵机控制示例
   6           *****************************************************/
   7          #include "STC12C5A60S2.H"
   8          #include "typedef.h"
   9          #include "intrins.h"
  10          #include "uart.h"
  11          #include "LobotSerialServo.h"
  12          
  13          void Delay1000ms()    //@11.0592MHz 延时1000ms
  14          {
  15   1        unsigned char i, j, k;
  16   1      
  17   1        _nop_();
  18   1        _nop_();
  19   1        i = 43;
  20   1        j = 6;
  21   1        k = 203;
  22   1        do
  23   1        {
  24   2          do
  25   2          {
  26   3            while (--k);
  27   3          } while (--j);
  28   2        } while (--i);
  29   1      }
  30          
  31          #define ID1 1
  32          #define ID2 2
  33          
  34          int main()
  35          {
  36   1        uartInit(); //初始化 串口 波特率要为 115200
  37   1        while(1)
  38   1        {
  39   2          LobotSerialServoMove(ID1, 100, 500); //ID1号舵机500ms转动到 100位置
  40   2          LobotSerialServoMove(ID2, 200, 500); //ID2号舵机500ms转动到 200位置
  41   2          Delay1000ms();
  42   2          LobotSerialServoMove(ID1, 500, 500); //ID1号舵机500ms转动到 500位置
  43   2          LobotSerialServoMove(ID2, 600, 500); //ID2号舵机500ms转动到 600位置
  44   2          Delay1000ms();
  45   2          LobotSerialServoMove(ID1, 900, 500); //ID1号舵机500ms转动到 900位置
  46   2          LobotSerialServoMove(ID2, 1000, 500);//ID2号舵机500ms转动到 1000位置
  47   2          Delay1000ms();
  48   2          LobotSerialServoMove(ID1, 500, 500); //ID1号舵机500ms转动到 500位置
  49   2          LobotSerialServoMove(ID2, 600, 500); //ID2号舵机500ms转动到 600位置
  50   2          Delay1000ms();
  51   2        }
  52   1      }


MODULE INFORMATION:   STATIC OVERLAYABLE
C51 COMPILER V9.52.0.0   MAIN                                                              03/06/2017 18:55:14 PAGE 2   

   CODE SIZE        =    136    ----
   CONSTANT SIZE    =   ----    ----
   XDATA SIZE       =   ----    ----
   PDATA SIZE       =   ----    ----
   DATA SIZE        =   ----    ----
   IDATA SIZE       =   ----    ----
   BIT SIZE         =   ----    ----
END OF MODULE INFORMATION.


C51 COMPILATION COMPLETE.  0 WARNING(S),  0 ERROR(S)
