C51 COMPILER V9.52.0.0   MAIN                                                              03/06/2017 18:55:09 PAGE 1   


C51 COMPILER V9.52.0.0, COMPILATION OF MODULE MAIN
OBJECT MODULE PLACED IN main.OBJ
COMPILER INVOKED BY: E:\Keil\C51\BIN\C51.EXE main.c LARGE BROWSE DEBUG OBJECTEXTEND TABS(2)

line level    source

   1          /******************************************************
   2           * FileName:      main.c
   3           * Company:       深圳乐幻索尔科技
   4           * Date:          2017/02/20  10:24
   5           * Description:  
   6           *****************************************************/
   7          #include "STC12C5A60S2.H"
   8          #include "typedef.h"
   9          #include "intrins.h"
  10          #include "uart.h"
  11          #include "LobotSerialServo.h"
  12          
  13          void Delay1000ms()    //@11.0592MHz  延时1000ms
  14          {
  15   1        unsigned char i, j, k;
  16   1      
  17   1        _nop_();
  18   1        _nop_();
  19   1        i = 43;
  20   1        j = 6;
  21   1        k = 203;
  22   1        do
  23   1        {
  24   2          do
  25   2          {
  26   3            while (--k);
  27   3          } while (--j);
  28   2        } while (--i);
  29   1      }
  30          
  31          void Delay500ms()   //@11.0592MHz  延时500ms
  32          {
  33   1        unsigned char i, j, k;
  34   1      
  35   1        _nop_();
  36   1        _nop_();
  37   1        i = 22;
  38   1        j = 3;
  39   1        k = 227;
  40   1        do
  41   1        {
  42   2          do
  43   2          {
  44   3            while (--k);
  45   3          } while (--j);
  46   2        } while (--i);
  47   1      }
  48          
  49          void Delay10ms()    //@11.0592MHz   延时10ms
  50          {
  51   1        unsigned char i, j;
  52   1      
  53   1        i = 108;
  54   1        j = 145;
  55   1        do
C51 COMPILER V9.52.0.0   MAIN                                                              03/06/2017 18:55:09 PAGE 2   

  56   1        {
  57   2          while (--j);
  58   2        } while (--i);
  59   1      }
  60          
  61          
  62          sbit Key1 = P3^2;  //按钮1  //模式切换
  63          sbit Key2 = P3^3;  //按钮2  //运行模式下，运行动作， 录制模式下，记录动作
  64          
  65          #define ID1 1
  66          #define ID2 2
  67          
  68          int main()
  69          {
  70   1        bool run = false;
  71   1        char step = 0;
  72   1        char mode = 0;
  73   1      
  74   1        uint16_t pos[4] = {100,200,300,400};
  75   1        uint16_t pos1[4] = {100,200,300,400};
  76   1      
  77   1        Key1 = 1;
  78   1        Key2 = 1;
  79   1      
  80   1        uartInit();
  81   1        LobotSerialServoMove(ID1, 500, 100);
  82   1        LobotSerialServoMove(ID2, 500, 100);
  83   1      
  84   1        while (1) {
  85   2          if (mode == 0)
  86   2          {
  87   3            if (run)   //如果run标识为true，就运行
  88   3            {
  89   4              LobotSerialServoMove(ID1, pos[step], 500);     //运动到记录的位置
  90   4              LobotSerialServoMove(ID2, pos1[step++], 500);
  91   4              if (step == 4)
  92   4              {
  93   5                step = 0;
  94   5                run = false;
  95   5              }
  96   4              Delay1000ms();
  97   4            }
  98   3            if (!Key2)    //按下按键2，将run置为true
  99   3            {
 100   4              Delay10ms();   
 101   4              if (!Key2)
 102   4              {
 103   5                run = true;
 104   5                step = 0;
 105   5                Delay500ms();
 106   5              }
 107   4            }
 108   3            if (!Key1)    //按下按键1 卸载舵机的力矩，转移到模式1 ，即记录模式
 109   3            {
 110   4              Delay10ms();
 111   4              if (!Key1)
 112   4              {
 113   5                LobotSerialServoUnload(ID1);   //卸载舵机1
 114   5                LobotSerialServoUnload(ID2);   //卸载舵机2
 115   5                mode = 1;
 116   5                step = 0;
 117   5                Delay500ms();
C51 COMPILER V9.52.0.0   MAIN                                                              03/06/2017 18:55:09 PAGE 3   

 118   5              }
 119   4            }
 120   3          }
 121   2          if (mode == 1)
 122   2          {
 123   3            if (!Key2)   //按下按键2，读取舵机当前位置，并记录下来
 124   3            {
 125   4              Delay10ms();
 126   4              if (!Key2)
 127   4              {
 128   5                pos[step] = LobotSerialServoReadPosition(ID1);
 129   5                pos1[step++] = LobotSerialServoReadPosition(ID2);
 130   5                if (step == 4)
 131   5                  step = 0;
 132   5                Delay500ms();
 133   5              }
 134   4            }
 135   3            if (!Key1)   //如果按下按键1，加载舵机力矩，转移到模式0
 136   3            {
 137   4              Delay10ms();
 138   4              if (!Key1)
 139   4              {
 140   5                LobotSerialServoMove(ID1, LobotSerialServoReadPosition(ID1), 200);
 141   5                LobotSerialServoMove(ID2, LobotSerialServoReadPosition(ID2), 200);
 142   5                mode = 0;
 143   5                Delay500ms();
 144   5              }
 145   4            }
 146   3          }
 147   2        }
 148   1      }


MODULE INFORMATION:   STATIC OVERLAYABLE
   CODE SIZE        =    461    ----
   CONSTANT SIZE    =     16    ----
   XDATA SIZE       =   ----      19
   PDATA SIZE       =   ----    ----
   DATA SIZE        =   ----    ----
   IDATA SIZE       =   ----    ----
   BIT SIZE         =   ----    ----
END OF MODULE INFORMATION.


C51 COMPILATION COMPLETE.  0 WARNING(S),  0 ERROR(S)
