C51 COMPILER V9.52.0.0   MAIN                                                              07/10/2016 12:43:24 PAGE 1   


C51 COMPILER V9.52.0.0, COMPILATION OF MODULE MAIN
OBJECT MODULE PLACED IN ..\output\main.obj
COMPILER INVOKED BY: D:\Keil\C51\BIN\C51.EXE ..\src\main.c LARGE BROWSE DEBUG OBJECTEXTEND PRINT(..\list\main.lst) TABS(
                    -2) OBJECT(..\output\main.obj)

line level    source

   1          /******************************************************
   2           * FileName:      main.c
   3           * Company:       ä¹å¹»ç´¢å°”
   4           * Date:          2016/07/09  09:30
   5           * Description:   Lobotèˆµæœºæ§åˆ¶æ¿äºŒæ¬¡å¼€å‘ç¤ºä¾‹ï¼ŒåŸºäºstc89c52rcå¼€å‘
   6           *                @@ç‰¹åˆ«è¯´æ˜ï¼šèˆµæœºæ§åˆ¶æ¿çš„é€šä¿¡å£åªæ”¯æŒ9600æ³¢ç‰¹ç‡@@
   7           *****************************************************/
   8          
   9          #include "lsc2d.h"
  10          #include "intrins.h"
  11          
  12          //å»¶æ—¶1000ms
  13          void Delay1000ms()              //@11.0592MHz
  14          {
  15   1        unsigned char i, j, k;
  16   1      
  17   1        _nop_();
  18   1        i = 8;
  19   1        j = 1;
  20   1        k = 243;
  21   1        do {
  22   2          do {
  23   3            while (--k);
  24   3          } while (--j);
  25   2        } while (--i);
  26   1      }
  27          
  28          LobotServo servos[2];
  29          
  30          int main()
  31          {
  32   1        LobotServo servos[2];
  33   1        uint16_t voltage;
  34   1        uint8_t i;
  35   1      
  36   1        uartInit();     //åˆå§‹åŒ–ä¸²å£
  37   1        Delay1000ms();
  38   1      
  39   1        runActionGroup(100, 0);  //è¿è¡Œ100å·åŠ¨ä½œç»„
  40   1        i = 5;
  41   1        while (i--)
  42   1          Delay1000ms();
  43   1        stopActionGroup();      //åœæ­¢åŠ¨ä½œç»„
  44   1        Delay1000ms();
  45   1      
  46   1        setActionGroupSpeed(100, 200);  //è®¾ç½®100å·åŠ¨ä½œç»„é€Ÿåº¦ä¸º200%
  47   1        runActionGroup(100, 0);         //è¿è¡Œ100å·åŠ¨ä½œç»„
  48   1        i = 5;
  49   1        while (i--)
  50   1          Delay1000ms();
  51   1        stopActionGroup();     //åœæ­¢åŠ¨ä½œç»„
  52   1        Delay1000ms();
  53   1      
  54   1        moveServo(0, 1500, 1000);  //1000msç§»åŠ¨0å·èˆµæœºè‡³1500ä½ç½®
C51 COMPILER V9.52.0.0   MAIN                                                              07/10/2016 12:43:24 PAGE 2   

  55   1      
  56   1        Delay1000ms();
  57   1        moveServo(2, 800, 1000);  //1000msç§»åŠ¨2å·èˆµæœºè‡³800ä½ç½®
  58   1        Delay1000ms();
  59   1      
  60   1        moveServos(5, 1000, 0, 1300, 2, 700, 4, 600, 6, 900, 8, 790); //1000msç§»åŠ¨5ä¸ªèˆµæœº
  61   1        //0å·èˆµæœºè‡³1300ä½ç½®ï¼Œ2å·èˆµæœºè‡³700ä½ç½®ï¼Œ4å·èˆµæœºè‡³600ä½ç½®ï¼Œ6å·èˆµæœºè‡³900ä½ç½®ï¼Œ8å
             -·èˆµæœºè‡³790ä½ç½®
  62   1        Delay1000ms();
  63   1      
  64   1        servos[0].ID = 2; //èˆµæœºå·2
  65   1        servos[0].Position = 1400; //1400ä½ç½®
  66   1        servos[1].ID = 4; //èˆµæœºå·4
  67   1        servos[1].Position = 700;  //700ä½ç½®
  68   1        moveServosByArray(servos, 2, 1000); //ç§»åŠ¨2ä¸ªèˆµæœº1000msï¼Œä½ç½®å’Œèˆµæœºå·æœ‰ servosæŒ‡å®š
  69   1        Delay1000ms();
  70   1      
  71   1        voltage = getBatteryVoltage(5000); //è·å¾—ç”µæ± ç”µå‹
  72   1      
  73   1        while (1);
  74   1      }


MODULE INFORMATION:   STATIC OVERLAYABLE
   CODE SIZE        =    253    ----
   CONSTANT SIZE    =   ----    ----
   XDATA SIZE       =      6       8
   PDATA SIZE       =   ----    ----
   DATA SIZE        =   ----    ----
   IDATA SIZE       =   ----    ----
   BIT SIZE         =   ----    ----
END OF MODULE INFORMATION.


C51 COMPILATION COMPLETE.  0 WARNING(S),  0 ERROR(S)
