C51 COMPILER V9.52.0.0   UART                                                              07/10/2016 12:43:25 PAGE 1   


C51 COMPILER V9.52.0.0, COMPILATION OF MODULE UART
OBJECT MODULE PLACED IN ..\output\uart.obj
COMPILER INVOKED BY: D:\Keil\C51\BIN\C51.EXE ..\src\uart.c LARGE BROWSE DEBUG OBJECTEXTEND PRINT(..\list\uart.lst) TABS(
                    -2) OBJECT(..\output\uart.obj)

line level    source

   1          /******************************************************
   2           * FileName:      uart.c
   3           * Company:       乐幻索尔
   4           * Date:           2016/07/08  20:02
   5           * Description:    Lobot舵机控制板二次开发示例，基于stc89c52rc开发，
   6           *                  本文件包含了串口初始化和串口数据发送的实现。
   7           *                  @@特别说明：舵机控制板的通信口只支持9600波特率@@
   8           *****************************************************/
   9          #include "uart.h"
  10          
  11          void uartInit() //波特率9600
  12          {
  13   1        SCON = 0x50;
  14   1        TMOD = 0x20;
  15   1        TH1 = TL1 = -(11059200L / 12 / 32 / 9600);
  16   1        TR1 = 1;
  17   1        ES = 1;           //使能Uart中断
  18   1        EA = 1;           //开中断
  19   1      }
  20          
  21          
  22          uint8_t busy = 0;   //串口发送忙标识
  23          
  24          /*********************************************************************************
  25           * Function:    uartWriteByte
  26           * Description：串口发送一个字节数据
  27           * Parameters:   dat：被发数据
  28           * Return:       无返回
  29           * Others:
  30           **********************************************************************************/
  31          void uartWriteByte(uint8_t dat)
  32          {
  33   1        while (busy);
  34   1        busy = 1;
  35   1        SBUF = dat;
  36   1      }
  37          
  38          /*********************************************************************************
  39           * Function:    uartWriteBuf
  40           * Description：串口发送数据
  41           * Parameters:   buf：被发数据首地址，len:发送数据长度
  42           * Return:       无返回
  43           * Others:
  44           **********************************************************************************/
  45          void uartWriteBuf(uint8_t *buf, uint8_t len)
  46          {
  47   1        ES = 1;
  48   1        while (len--) {
  49   2          while (busy);
  50   2          busy = 1;
  51   2          SBUF = *buf++;
  52   2        }
  53   1      }

C51 COMPILER V9.52.0.0   UART                                                              07/10/2016 12:43:25 PAGE 2   


MODULE INFORMATION:   STATIC OVERLAYABLE
   CODE SIZE        =     89    ----
   CONSTANT SIZE    =   ----    ----
   XDATA SIZE       =      1       3
   PDATA SIZE       =   ----    ----
   DATA SIZE        =   ----    ----
   IDATA SIZE       =   ----    ----
   BIT SIZE         =   ----    ----
END OF MODULE INFORMATION.


C51 COMPILATION COMPLETE.  0 WARNING(S),  0 ERROR(S)
