C51 COMPILER V9.52.0.0   MAIN                                                              03/06/2017 18:55:26 PAGE 1   


C51 COMPILER V9.52.0.0, COMPILATION OF MODULE MAIN
OBJECT MODULE PLACED IN main.OBJ
COMPILER INVOKED BY: E:\Keil\C51\BIN\C51.EXE main.c LARGE BROWSE DEBUG OBJECTEXTEND TABS(2)

line level    source

   1          /******************************************************
   2           * FileName:      main.c
   3           * Company:       ????
   4           * Date:          2016/07/09  09:30
   5           * Description:   Lobot???????????,??stc89c52rc??
   6           *                @@????:????????????9600???@@
   7           *****************************************************/
   8          #include "STC12C5A60S2.H"
   9          #include "typedef.h"
  10          #include "intrins.h"
  11          #include "uart.h"
  12          #include "LobotSerialServo.h"
  13          
  14          void Delay1000ms()    //@11.0592MHz
  15          {
  16   1        unsigned char i, j, k;
  17   1      
  18   1        _nop_();
  19   1        _nop_();
  20   1        i = 43;
  21   1        j = 6;
  22   1        k = 203;
  23   1        do
  24   1        {
  25   2          do
  26   2          {
  27   3            while (--k);
  28   3          } while (--j);
  29   2        } while (--i);
  30   1      }
  31          
  32          
  33          int main()
  34          {
  35   1        uartInit();
  36   1        while(1)
  37   1        {
  38   2          LobotSerialServoSetID(254, 1);
  39   2          Delay1000ms();
  40   2        }
  41   1      }


MODULE INFORMATION:   STATIC OVERLAYABLE
   CODE SIZE        =     30    ----
   CONSTANT SIZE    =   ----    ----
   XDATA SIZE       =   ----    ----
   PDATA SIZE       =   ----    ----
   DATA SIZE        =   ----    ----
   IDATA SIZE       =   ----    ----
   BIT SIZE         =   ----    ----
END OF MODULE INFORMATION.


C51 COMPILATION COMPLETE.  0 WARNING(S),  0 ERROR(S)
